<?xml version="1.0" encoding="UTF-8"?>
<coverage generated="1658385830269" clover="3.2.0">
  <project timestamp="1658385830269" name="All files">
    <metrics statements="100" coveredstatements="99" conditionals="45" coveredconditionals="40" methods="36" coveredmethods="35" elements="181" coveredelements="174" complexity="0" loc="100" ncloc="100" packages="1" files="5" classes="5"/>
    <file name="compiler.js" path="C:\Users\201250081\Desktop\mvvm\src\compiler.js">
      <metrics statements="55" coveredstatements="54" conditionals="31" coveredconditionals="28" methods="16" coveredmethods="15"/>
      <line num="6" count="1" type="stmt"/>
      <line num="7" count="1" type="stmt"/>
      <line num="8" count="1" type="cond" truecount="1" falsecount="1"/>
      <line num="10" count="1" type="stmt"/>
      <line num="13" count="1" type="stmt"/>
      <line num="16" count="1" type="stmt"/>
      <line num="26" count="1" type="stmt"/>
      <line num="27" count="1" type="cond" truecount="3" falsecount="1"/>
      <line num="28" count="1" type="stmt"/>
      <line num="31" count="6" type="cond" truecount="2" falsecount="0"/>
      <line num="32" count="3" type="stmt"/>
      <line num="36" count="1" type="stmt"/>
      <line num="44" count="6" type="stmt"/>
      <line num="45" count="6" type="stmt"/>
      <line num="55" count="10" type="cond" truecount="4" falsecount="0"/>
      <line num="56" count="8" type="stmt"/>
      <line num="57" count="22" type="cond" truecount="2" falsecount="0"/>
      <line num="58" count="9" type="stmt"/>
      <line num="59" count="13" type="cond" truecount="1" falsecount="1"/>
      <line num="60" count="13" type="stmt"/>
      <line num="71" count="9" type="stmt"/>
      <line num="72" count="9" type="stmt"/>
      <line num="73" count="9" type="stmt"/>
      <line num="74" count="10" type="stmt"/>
      <line num="75" count="10" type="cond" truecount="2" falsecount="0"/>
      <line num="76" count="3" type="stmt"/>
      <line num="77" count="3" type="cond" truecount="2" falsecount="0"/>
      <line num="79" count="1" type="stmt"/>
      <line num="80" count="2" type="stmt"/>
      <line num="82" count="1" type="stmt"/>
      <line num="84" count="2" type="stmt"/>
      <line num="85" count="4" type="stmt"/>
      <line num="87" count="2" type="stmt"/>
      <line num="88" count="0" type="stmt"/>
      <line num="90" count="2" type="stmt"/>
      <line num="93" count="10" type="cond" truecount="2" falsecount="0"/>
      <line num="94" count="1" type="stmt"/>
      <line num="97" count="9" type="stmt"/>
      <line num="108" count="1" type="stmt"/>
      <line num="109" count="1" type="stmt"/>
      <line num="110" count="1" type="stmt"/>
      <line num="118" count="13" type="stmt"/>
      <line num="119" count="13" type="cond" truecount="2" falsecount="0"/>
      <line num="121" count="6" type="stmt"/>
      <line num="128" count="6" type="stmt"/>
      <line num="129" count="9" type="stmt"/>
      <line num="139" count="6" type="stmt"/>
      <line num="140" count="6" type="stmt"/>
      <line num="143" count="6" type="stmt"/>
      <line num="146" count="6" type="stmt"/>
      <line num="147" count="6" type="stmt"/>
      <line num="148" count="12" type="cond" truecount="4" falsecount="0"/>
      <line num="149" count="3" type="stmt"/>
      <line num="151" count="9" type="stmt"/>
      <line num="154" count="6" type="stmt"/>
    </file>
    <file name="dep.js" path="C:\Users\201250081\Desktop\mvvm\src\dep.js">
      <metrics statements="4" coveredstatements="4" conditionals="0" coveredconditionals="0" methods="3" coveredmethods="3"/>
      <line num="6" count="3" type="stmt"/>
      <line num="10" count="18" type="stmt"/>
      <line num="14" count="3" type="stmt"/>
      <line num="15" count="6" type="stmt"/>
    </file>
    <file name="index.js" path="C:\Users\201250081\Desktop\mvvm\src\index.js">
      <metrics statements="14" coveredstatements="14" conditionals="6" coveredconditionals="4" methods="7" coveredmethods="7"/>
      <line num="7" count="1" type="stmt"/>
      <line num="10" count="1" type="cond" truecount="1" falsecount="1"/>
      <line num="13" count="1" type="stmt"/>
      <line num="14" count="1" type="stmt"/>
      <line num="17" count="1" type="stmt"/>
      <line num="20" count="1" type="stmt"/>
      <line num="28" count="1" type="stmt"/>
      <line num="29" count="3" type="stmt"/>
      <line num="31" count="1" type="stmt"/>
      <line num="34" count="22" type="stmt"/>
      <line num="45" count="1" type="cond" truecount="3" falsecount="1"/>
      <line num="46" count="1" type="stmt"/>
      <line num="47" count="1" type="stmt"/>
      <line num="53" count="1" type="stmt"/>
    </file>
    <file name="observer.js" path="C:\Users\201250081\Desktop\mvvm\src\observer.js">
      <metrics statements="13" coveredstatements="13" conditionals="6" coveredconditionals="6" methods="6" coveredmethods="6"/>
      <line num="6" count="1" type="stmt"/>
      <line num="8" count="1" type="stmt"/>
      <line num="16" count="4" type="cond" truecount="4" falsecount="0"/>
      <line num="17" count="3" type="stmt"/>
      <line num="19" count="1" type="stmt"/>
      <line num="20" count="3" type="stmt"/>
      <line num="31" count="3" type="stmt"/>
      <line num="32" count="3" type="stmt"/>
      <line num="36" count="22" type="cond" truecount="2" falsecount="0"/>
      <line num="37" count="22" type="stmt"/>
      <line num="40" count="3" type="stmt"/>
      <line num="41" count="3" type="stmt"/>
      <line num="44" count="3" type="stmt"/>
    </file>
    <file name="watcher.js" path="C:\Users\201250081\Desktop\mvvm\src\watcher.js">
      <metrics statements="14" coveredstatements="14" conditionals="2" coveredconditionals="2" methods="4" coveredmethods="4"/>
      <line num="3" count="1" type="stmt"/>
      <line num="6" count="9" type="stmt"/>
      <line num="7" count="9" type="stmt"/>
      <line num="8" count="9" type="stmt"/>
      <line num="9" count="9" type="stmt"/>
      <line num="10" count="9" type="stmt"/>
      <line num="16" count="15" type="stmt"/>
      <line num="17" count="15" type="stmt"/>
      <line num="18" count="15" type="stmt"/>
      <line num="19" count="15" type="stmt"/>
      <line num="26" count="15" type="stmt"/>
      <line num="27" count="15" type="cond" truecount="2" falsecount="0"/>
      <line num="35" count="15" type="stmt"/>
      <line num="36" count="15" type="stmt"/>
    </file>
  </project>
</coverage>
