{"C:\\Users\\201250081\\Desktop\\mvvm\\src\\compiler.js": {"path":"C:\\Users\\201250081\\Desktop\\mvvm\\src\\compiler.js","statementMap":{"0":{"start":{"line":6,"column":4},"end":{"line":6,"column":27}},"1":{"start":{"line":7,"column":4},"end":{"line":7,"column":27}},"2":{"start":{"line":8,"column":4},"end":{"line":17,"column":5}},"3":{"start":{"line":10,"column":6},"end":{"line":10,"column":52}},"4":{"start":{"line":13,"column":6},"end":{"line":13,"column":35}},"5":{"start":{"line":16,"column":6},"end":{"line":16,"column":42}},"6":{"start":{"line":26,"column":19},"end":{"line":26,"column":52}},"7":{"start":{"line":27,"column":4},"end":{"line":35,"column":5}},"8":{"start":{"line":28,"column":6},"end":{"line":34,"column":8}},"9":{"start":{"line":31,"column":8},"end":{"line":33,"column":9}},"10":{"start":{"line":32,"column":10},"end":{"line":32,"column":37}},"11":{"start":{"line":36,"column":4},"end":{"line":36,"column":19}},"12":{"start":{"line":44,"column":16},"end":{"line":44,"column":28}},"13":{"start":{"line":45,"column":4},"end":{"line":47,"column":5}},"14":{"start":{"line":55,"column":4},"end":{"line":63,"column":5}},"15":{"start":{"line":56,"column":6},"end":{"line":62,"column":8}},"16":{"start":{"line":57,"column":8},"end":{"line":61,"column":9}},"17":{"start":{"line":58,"column":10},"end":{"line":58,"column":41}},"18":{"start":{"line":59,"column":15},"end":{"line":61,"column":9}},"19":{"start":{"line":60,"column":10},"end":{"line":60,"column":38}},"20":{"start":{"line":71,"column":15},"end":{"line":71,"column":19}},"21":{"start":{"line":72,"column":16},"end":{"line":72,"column":36}},"22":{"start":{"line":73,"column":4},"end":{"line":96,"column":6}},"23":{"start":{"line":74,"column":49},"end":{"line":74,"column":53}},"24":{"start":{"line":75,"column":6},"end":{"line":92,"column":7}},"25":{"start":{"line":76,"column":22},"end":{"line":76,"column":39}},"26":{"start":{"line":77,"column":8},"end":{"line":91,"column":9}},"27":{"start":{"line":79,"column":12},"end":{"line":81,"column":14}},"28":{"start":{"line":80,"column":14},"end":{"line":80,"column":41}},"29":{"start":{"line":82,"column":12},"end":{"line":82,"column":18}},"30":{"start":{"line":84,"column":12},"end":{"line":86,"column":14}},"31":{"start":{"line":85,"column":14},"end":{"line":85,"column":35}},"32":{"start":{"line":87,"column":12},"end":{"line":89,"column":14}},"33":{"start":{"line":88,"column":14},"end":{"line":88,"column":54}},"34":{"start":{"line":90,"column":12},"end":{"line":90,"column":18}},"35":{"start":{"line":93,"column":6},"end":{"line":95,"column":7}},"36":{"start":{"line":94,"column":8},"end":{"line":94,"column":69}},"37":{"start":{"line":97,"column":4},"end":{"line":97,"column":23}},"38":{"start":{"line":108,"column":15},"end":{"line":108,"column":32}},"39":{"start":{"line":109,"column":13},"end":{"line":109,"column":29}},"40":{"start":{"line":110,"column":4},"end":{"line":110,"column":47}},"41":{"start":{"line":118,"column":15},"end":{"line":118,"column":38}},"42":{"start":{"line":119,"column":4},"end":{"line":131,"column":5}},"43":{"start":{"line":121,"column":16},"end":{"line":121,"column":36}},"44":{"start":{"line":128,"column":6},"end":{"line":130,"column":8}},"45":{"start":{"line":129,"column":8},"end":{"line":129,"column":35}},"46":{"start":{"line":139,"column":16},"end":{"line":139,"column":32}},"47":{"start":{"line":140,"column":16},"end":{"line":140,"column":31}},"48":{"start":{"line":143,"column":18},"end":{"line":143,"column":33}},"49":{"start":{"line":146,"column":17},"end":{"line":146,"column":19}},"50":{"start":{"line":147,"column":4},"end":{"line":153,"column":6}},"51":{"start":{"line":148,"column":6},"end":{"line":152,"column":7}},"52":{"start":{"line":149,"column":8},"end":{"line":149,"column":37}},"53":{"start":{"line":151,"column":8},"end":{"line":151,"column":37}},"54":{"start":{"line":154,"column":4},"end":{"line":154,"column":27}}},"fnMap":{"0":{"name":"(anonymous_0)","decl":{"start":{"line":5,"column":2},"end":{"line":5,"column":3}},"loc":{"start":{"line":5,"column":23},"end":{"line":18,"column":3}},"line":5},"1":{"name":"(anonymous_1)","decl":{"start":{"line":25,"column":2},"end":{"line":25,"column":3}},"loc":{"start":{"line":25,"column":23},"end":{"line":37,"column":3}},"line":25},"2":{"name":"(anonymous_2)","decl":{"start":{"line":28,"column":30},"end":{"line":28,"column":31}},"loc":{"start":{"line":28,"column":39},"end":{"line":34,"column":7}},"line":28},"3":{"name":"(anonymous_3)","decl":{"start":{"line":43,"column":2},"end":{"line":43,"column":3}},"loc":{"start":{"line":43,"column":18},"end":{"line":48,"column":3}},"line":43},"4":{"name":"(anonymous_4)","decl":{"start":{"line":54,"column":2},"end":{"line":54,"column":3}},"loc":{"start":{"line":54,"column":17},"end":{"line":64,"column":3}},"line":54},"5":{"name":"(anonymous_5)","decl":{"start":{"line":56,"column":30},"end":{"line":56,"column":31}},"loc":{"start":{"line":56,"column":39},"end":{"line":62,"column":7}},"line":56},"6":{"name":"(anonymous_6)","decl":{"start":{"line":70,"column":2},"end":{"line":70,"column":3}},"loc":{"start":{"line":70,"column":28},"end":{"line":98,"column":3}},"line":70},"7":{"name":"(anonymous_7)","decl":{"start":{"line":73,"column":18},"end":{"line":73,"column":19}},"loc":{"start":{"line":73,"column":26},"end":{"line":96,"column":5}},"line":73},"8":{"name":"(anonymous_8)","decl":{"start":{"line":79,"column":49},"end":{"line":79,"column":50}},"loc":{"start":{"line":79,"column":61},"end":{"line":81,"column":13}},"line":79},"9":{"name":"(anonymous_9)","decl":{"start":{"line":84,"column":49},"end":{"line":84,"column":50}},"loc":{"start":{"line":84,"column":61},"end":{"line":86,"column":13}},"line":84},"10":{"name":"(anonymous_10)","decl":{"start":{"line":87,"column":43},"end":{"line":87,"column":44}},"loc":{"start":{"line":87,"column":48},"end":{"line":89,"column":13}},"line":87},"11":{"name":"(anonymous_11)","decl":{"start":{"line":107,"column":2},"end":{"line":107,"column":3}},"loc":{"start":{"line":107,"column":51},"end":{"line":111,"column":3}},"line":107},"12":{"name":"(anonymous_12)","decl":{"start":{"line":117,"column":2},"end":{"line":117,"column":3}},"loc":{"start":{"line":117,"column":25},"end":{"line":132,"column":3}},"line":117},"13":{"name":"(anonymous_13)","decl":{"start":{"line":128,"column":37},"end":{"line":128,"column":38}},"loc":{"start":{"line":128,"column":49},"end":{"line":130,"column":7}},"line":128},"14":{"name":"(anonymous_14)","decl":{"start":{"line":138,"column":2},"end":{"line":138,"column":3}},"loc":{"start":{"line":138,"column":18},"end":{"line":155,"column":3}},"line":138},"15":{"name":"(anonymous_15)","decl":{"start":{"line":147,"column":18},"end":{"line":147,"column":19}},"loc":{"start":{"line":147,"column":26},"end":{"line":153,"column":5}},"line":147}},"branchMap":{"0":{"loc":{"start":{"line":8,"column":4},"end":{"line":17,"column":5}},"type":"if","locations":[{"start":{"line":8,"column":4},"end":{"line":17,"column":5}},{"start":{},"end":{}}],"line":8},"1":{"loc":{"start":{"line":27,"column":4},"end":{"line":35,"column":5}},"type":"if","locations":[{"start":{"line":27,"column":4},"end":{"line":35,"column":5}},{"start":{},"end":{}}],"line":27},"2":{"loc":{"start":{"line":27,"column":8},"end":{"line":27,"column":49}},"type":"binary-expr","locations":[{"start":{"line":27,"column":8},"end":{"line":27,"column":23}},{"start":{"line":27,"column":27},"end":{"line":27,"column":49}}],"line":27},"3":{"loc":{"start":{"line":31,"column":8},"end":{"line":33,"column":9}},"type":"if","locations":[{"start":{"line":31,"column":8},"end":{"line":33,"column":9}},{"start":{},"end":{}}],"line":31},"4":{"loc":{"start":{"line":46,"column":6},"end":{"line":46,"column":80}},"type":"binary-expr","locations":[{"start":{"line":46,"column":6},"end":{"line":46,"column":25}},{"start":{"line":46,"column":30},"end":{"line":46,"column":49}},{"start":{"line":46,"column":53},"end":{"line":46,"column":79}}],"line":46},"5":{"loc":{"start":{"line":55,"column":4},"end":{"line":63,"column":5}},"type":"if","locations":[{"start":{"line":55,"column":4},"end":{"line":63,"column":5}},{"start":{},"end":{}}],"line":55},"6":{"loc":{"start":{"line":55,"column":8},"end":{"line":55,"column":49}},"type":"binary-expr","locations":[{"start":{"line":55,"column":8},"end":{"line":55,"column":23}},{"start":{"line":55,"column":27},"end":{"line":55,"column":49}}],"line":55},"7":{"loc":{"start":{"line":57,"column":8},"end":{"line":61,"column":9}},"type":"if","locations":[{"start":{"line":57,"column":8},"end":{"line":61,"column":9}},{"start":{"line":59,"column":15},"end":{"line":61,"column":9}}],"line":57},"8":{"loc":{"start":{"line":59,"column":15},"end":{"line":61,"column":9}},"type":"if","locations":[{"start":{"line":59,"column":15},"end":{"line":61,"column":9}},{"start":{},"end":{}}],"line":59},"9":{"loc":{"start":{"line":75,"column":6},"end":{"line":92,"column":7}},"type":"if","locations":[{"start":{"line":75,"column":6},"end":{"line":92,"column":7}},{"start":{},"end":{}}],"line":75},"10":{"loc":{"start":{"line":77,"column":8},"end":{"line":91,"column":9}},"type":"switch","locations":[{"start":{"line":78,"column":10},"end":{"line":82,"column":18}},{"start":{"line":83,"column":10},"end":{"line":90,"column":18}}],"line":77},"11":{"loc":{"start":{"line":93,"column":6},"end":{"line":95,"column":7}},"type":"if","locations":[{"start":{"line":93,"column":6},"end":{"line":95,"column":7}},{"start":{},"end":{}}],"line":93},"12":{"loc":{"start":{"line":119,"column":4},"end":{"line":131,"column":5}},"type":"if","locations":[{"start":{"line":119,"column":4},"end":{"line":131,"column":5}},{"start":{},"end":{}}],"line":119},"13":{"loc":{"start":{"line":148,"column":6},"end":{"line":152,"column":7}},"type":"if","locations":[{"start":{"line":148,"column":6},"end":{"line":152,"column":7}},{"start":{"line":150,"column":13},"end":{"line":152,"column":7}}],"line":148},"14":{"loc":{"start":{"line":148,"column":10},"end":{"line":148,"column":61}},"type":"binary-expr","locations":[{"start":{"line":148,"column":10},"end":{"line":148,"column":17}},{"start":{"line":148,"column":21},"end":{"line":148,"column":61}}],"line":148}},"s":{"0":1,"1":1,"2":1,"3":1,"4":1,"5":1,"6":1,"7":1,"8":1,"9":6,"10":3,"11":1,"12":6,"13":6,"14":10,"15":8,"16":22,"17":9,"18":13,"19":13,"20":9,"21":9,"22":9,"23":10,"24":10,"25":3,"26":3,"27":1,"28":2,"29":1,"30":2,"31":4,"32":2,"33":0,"34":2,"35":10,"36":1,"37":9,"38":1,"39":1,"40":1,"41":13,"42":13,"43":6,"44":6,"45":9,"46":6,"47":6,"48":6,"49":6,"50":6,"51":12,"52":3,"53":9,"54":6},"f":{"0":1,"1":1,"2":6,"3":6,"4":10,"5":22,"6":9,"7":10,"8":2,"9":4,"10":0,"11":1,"12":13,"13":9,"14":6,"15":12},"b":{"0":[1,0],"1":[1,0],"2":[1,1],"3":[3,3],"4":[6,5,2],"5":[8,2],"6":[10,10],"7":[9,13],"8":[13,0],"9":[3,7],"10":[1,2],"11":[1,9],"12":[6,7],"13":[3,9],"14":[12,7]},"_coverageSchema":"1a1c01bbd47fc00a2c39e90264f33305004495a9","hash":"2fa02eb61d234b190fae1343b9d1452307cc52c0"}
,"C:\\Users\\201250081\\Desktop\\mvvm\\src\\dep.js": {"path":"C:\\Users\\201250081\\Desktop\\mvvm\\src\\dep.js","statementMap":{"0":{"start":{"line":6,"column":4},"end":{"line":6,"column":17}},"1":{"start":{"line":10,"column":4},"end":{"line":10,"column":34}},"2":{"start":{"line":14,"column":4},"end":{"line":16,"column":5}},"3":{"start":{"line":15,"column":6},"end":{"line":15,"column":29}}},"fnMap":{"0":{"name":"(anonymous_0)","decl":{"start":{"line":4,"column":2},"end":{"line":4,"column":3}},"loc":{"start":{"line":4,"column":16},"end":{"line":7,"column":3}},"line":4},"1":{"name":"(anonymous_1)","decl":{"start":{"line":9,"column":2},"end":{"line":9,"column":3}},"loc":{"start":{"line":9,"column":17},"end":{"line":11,"column":3}},"line":9},"2":{"name":"(anonymous_2)","decl":{"start":{"line":13,"column":2},"end":{"line":13,"column":3}},"loc":{"start":{"line":13,"column":11},"end":{"line":17,"column":3}},"line":13}},"branchMap":{},"s":{"0":3,"1":18,"2":3,"3":6},"f":{"0":3,"1":18,"2":3},"b":{},"_coverageSchema":"1a1c01bbd47fc00a2c39e90264f33305004495a9","hash":"ce4d177a466eac5808444d7c31d2db3c8a288cf6"}
,"C:\\Users\\201250081\\Desktop\\mvvm\\src\\index.js": {"path":"C:\\Users\\201250081\\Desktop\\mvvm\\src\\index.js","statementMap":{"0":{"start":{"line":7,"column":4},"end":{"line":7,"column":49}},"1":{"start":{"line":10,"column":4},"end":{"line":10,"column":35}},"2":{"start":{"line":13,"column":4},"end":{"line":13,"column":31}},"3":{"start":{"line":14,"column":4},"end":{"line":14,"column":39}},"4":{"start":{"line":17,"column":4},"end":{"line":17,"column":28}},"5":{"start":{"line":20,"column":4},"end":{"line":20,"column":22}},"6":{"start":{"line":28,"column":4},"end":{"line":37,"column":7}},"7":{"start":{"line":29,"column":6},"end":{"line":36,"column":8}},"8":{"start":{"line":31,"column":10},"end":{"line":31,"column":30}},"9":{"start":{"line":34,"column":10},"end":{"line":34,"column":26}},"10":{"start":{"line":45,"column":4},"end":{"line":49,"column":5}},"11":{"start":{"line":46,"column":6},"end":{"line":48,"column":8}},"12":{"start":{"line":47,"column":8},"end":{"line":47,"column":32}},"13":{"start":{"line":53,"column":0},"end":{"line":53,"column":17}}},"fnMap":{"0":{"name":"(anonymous_0)","decl":{"start":{"line":5,"column":2},"end":{"line":5,"column":3}},"loc":{"start":{"line":5,"column":23},"end":{"line":21,"column":3}},"line":5},"1":{"name":"(anonymous_1)","decl":{"start":{"line":27,"column":2},"end":{"line":27,"column":3}},"loc":{"start":{"line":27,"column":19},"end":{"line":38,"column":3}},"line":27},"2":{"name":"(anonymous_2)","decl":{"start":{"line":28,"column":30},"end":{"line":28,"column":31}},"loc":{"start":{"line":28,"column":37},"end":{"line":37,"column":5}},"line":28},"3":{"name":"(anonymous_3)","decl":{"start":{"line":30,"column":8},"end":{"line":30,"column":9}},"loc":{"start":{"line":30,"column":22},"end":{"line":32,"column":9}},"line":30},"4":{"name":"(anonymous_4)","decl":{"start":{"line":33,"column":8},"end":{"line":33,"column":9}},"loc":{"start":{"line":33,"column":14},"end":{"line":35,"column":9}},"line":33},"5":{"name":"(anonymous_5)","decl":{"start":{"line":44,"column":2},"end":{"line":44,"column":3}},"loc":{"start":{"line":44,"column":25},"end":{"line":50,"column":3}},"line":44},"6":{"name":"(anonymous_6)","decl":{"start":{"line":46,"column":35},"end":{"line":46,"column":36}},"loc":{"start":{"line":46,"column":42},"end":{"line":48,"column":7}},"line":46}},"branchMap":{"0":{"loc":{"start":{"line":10,"column":17},"end":{"line":10,"column":35}},"type":"binary-expr","locations":[{"start":{"line":10,"column":17},"end":{"line":10,"column":29}},{"start":{"line":10,"column":33},"end":{"line":10,"column":35}}],"line":10},"1":{"loc":{"start":{"line":45,"column":4},"end":{"line":49,"column":5}},"type":"if","locations":[{"start":{"line":45,"column":4},"end":{"line":49,"column":5}},{"start":{},"end":{}}],"line":45},"2":{"loc":{"start":{"line":45,"column":8},"end":{"line":45,"column":46}},"type":"binary-expr","locations":[{"start":{"line":45,"column":8},"end":{"line":45,"column":15}},{"start":{"line":45,"column":19},"end":{"line":45,"column":46}}],"line":45}},"s":{"0":1,"1":1,"2":1,"3":1,"4":1,"5":1,"6":1,"7":3,"8":1,"9":22,"10":1,"11":1,"12":1,"13":1},"f":{"0":1,"1":1,"2":3,"3":1,"4":22,"5":1,"6":1},"b":{"0":[1,0],"1":[1,0],"2":[1,1]},"_coverageSchema":"1a1c01bbd47fc00a2c39e90264f33305004495a9","hash":"819abf439aa7931e56a836865da3320bb33a673f"}
,"C:\\Users\\201250081\\Desktop\\mvvm\\src\\observer.js": {"path":"C:\\Users\\201250081\\Desktop\\mvvm\\src\\observer.js","statementMap":{"0":{"start":{"line":6,"column":4},"end":{"line":6,"column":20}},"1":{"start":{"line":8,"column":4},"end":{"line":8,"column":24}},"2":{"start":{"line":16,"column":4},"end":{"line":18,"column":5}},"3":{"start":{"line":17,"column":6},"end":{"line":17,"column":12}},"4":{"start":{"line":19,"column":4},"end":{"line":21,"column":6}},"5":{"start":{"line":20,"column":6},"end":{"line":20,"column":47}},"6":{"start":{"line":31,"column":14},"end":{"line":31,"column":23}},"7":{"start":{"line":32,"column":4},"end":{"line":43,"column":6}},"8":{"start":{"line":36,"column":8},"end":{"line":36,"column":44}},"9":{"start":{"line":37,"column":8},"end":{"line":37,"column":21}},"10":{"start":{"line":40,"column":8},"end":{"line":40,"column":25}},"11":{"start":{"line":41,"column":8},"end":{"line":41,"column":20}},"12":{"start":{"line":44,"column":4},"end":{"line":44,"column":20}}},"fnMap":{"0":{"name":"(anonymous_0)","decl":{"start":{"line":5,"column":2},"end":{"line":5,"column":3}},"loc":{"start":{"line":5,"column":20},"end":{"line":9,"column":3}},"line":5},"1":{"name":"(anonymous_1)","decl":{"start":{"line":15,"column":2},"end":{"line":15,"column":3}},"loc":{"start":{"line":15,"column":12},"end":{"line":22,"column":3}},"line":15},"2":{"name":"(anonymous_2)","decl":{"start":{"line":19,"column":30},"end":{"line":19,"column":31}},"loc":{"start":{"line":19,"column":37},"end":{"line":21,"column":5}},"line":19},"3":{"name":"(anonymous_3)","decl":{"start":{"line":30,"column":2},"end":{"line":30,"column":3}},"loc":{"start":{"line":30,"column":35},"end":{"line":45,"column":3}},"line":30},"4":{"name":"(anonymous_4)","decl":{"start":{"line":35,"column":11},"end":{"line":35,"column":12}},"loc":{"start":{"line":35,"column":17},"end":{"line":38,"column":7}},"line":35},"5":{"name":"(anonymous_5)","decl":{"start":{"line":39,"column":11},"end":{"line":39,"column":12}},"loc":{"start":{"line":39,"column":23},"end":{"line":42,"column":7}},"line":39}},"branchMap":{"0":{"loc":{"start":{"line":16,"column":4},"end":{"line":18,"column":5}},"type":"if","locations":[{"start":{"line":16,"column":4},"end":{"line":18,"column":5}},{"start":{},"end":{}}],"line":16},"1":{"loc":{"start":{"line":16,"column":7},"end":{"line":16,"column":40}},"type":"binary-expr","locations":[{"start":{"line":16,"column":7},"end":{"line":16,"column":12}},{"start":{"line":16,"column":16},"end":{"line":16,"column":40}}],"line":16},"2":{"loc":{"start":{"line":36,"column":8},"end":{"line":36,"column":44}},"type":"binary-expr","locations":[{"start":{"line":36,"column":8},"end":{"line":36,"column":18}},{"start":{"line":36,"column":22},"end":{"line":36,"column":44}}],"line":36}},"s":{"0":1,"1":1,"2":4,"3":3,"4":1,"5":3,"6":3,"7":3,"8":22,"9":22,"10":3,"11":3,"12":3},"f":{"0":1,"1":4,"2":3,"3":3,"4":22,"5":3},"b":{"0":[3,1],"1":[4,1],"2":[22,18]},"_coverageSchema":"1a1c01bbd47fc00a2c39e90264f33305004495a9","hash":"dce48fdc142803b23f2f6fd4b3cdc3157b7aece5"}
,"C:\\Users\\201250081\\Desktop\\mvvm\\src\\watcher.js": {"path":"C:\\Users\\201250081\\Desktop\\mvvm\\src\\watcher.js","statementMap":{"0":{"start":{"line":3,"column":11},"end":{"line":3,"column":12}},"1":{"start":{"line":6,"column":4},"end":{"line":6,"column":18}},"2":{"start":{"line":7,"column":4},"end":{"line":7,"column":22}},"3":{"start":{"line":8,"column":4},"end":{"line":8,"column":28}},"4":{"start":{"line":9,"column":4},"end":{"line":9,"column":21}},"5":{"start":{"line":10,"column":4},"end":{"line":10,"column":17}},"6":{"start":{"line":16,"column":4},"end":{"line":16,"column":22}},"7":{"start":{"line":17,"column":19},"end":{"line":17,"column":66}},"8":{"start":{"line":18,"column":4},"end":{"line":18,"column":22}},"9":{"start":{"line":19,"column":4},"end":{"line":19,"column":20}},"10":{"start":{"line":26,"column":19},"end":{"line":26,"column":29}},"11":{"start":{"line":27,"column":4},"end":{"line":27,"column":44}},"12":{"start":{"line":35,"column":13},"end":{"line":35,"column":69}},"13":{"start":{"line":36,"column":4},"end":{"line":36,"column":20}}},"fnMap":{"0":{"name":"(anonymous_0)","decl":{"start":{"line":5,"column":2},"end":{"line":5,"column":3}},"loc":{"start":{"line":5,"column":36},"end":{"line":11,"column":3}},"line":5},"1":{"name":"(anonymous_1)","decl":{"start":{"line":15,"column":2},"end":{"line":15,"column":3}},"loc":{"start":{"line":15,"column":8},"end":{"line":20,"column":3}},"line":15},"2":{"name":"(anonymous_2)","decl":{"start":{"line":25,"column":2},"end":{"line":25,"column":3}},"loc":{"start":{"line":25,"column":11},"end":{"line":28,"column":3}},"line":25},"3":{"name":"(anonymous_3)","decl":{"start":{"line":30,"column":2},"end":{"line":30,"column":3}},"loc":{"start":{"line":30,"column":39},"end":{"line":37,"column":3}},"line":30}},"branchMap":{"0":{"loc":{"start":{"line":27,"column":4},"end":{"line":27,"column":44}},"type":"binary-expr","locations":[{"start":{"line":27,"column":4},"end":{"line":27,"column":17}},{"start":{"line":27,"column":21},"end":{"line":27,"column":44}}],"line":27}},"s":{"0":1,"1":9,"2":9,"3":9,"4":9,"5":9,"6":15,"7":15,"8":15,"9":15,"10":15,"11":15,"12":15,"13":15},"f":{"0":9,"1":15,"2":15,"3":15},"b":{"0":[15,15]},"_coverageSchema":"1a1c01bbd47fc00a2c39e90264f33305004495a9","hash":"0bbc8fd5f8288edf7a8ddba89d7bfd02565a73b1"}
}
