TN:
SF:src\compiler.js
FN:5,(anonymous_0)
FN:25,(anonymous_1)
FN:28,(anonymous_2)
FN:43,(anonymous_3)
FN:54,(anonymous_4)
FN:56,(anonymous_5)
FN:70,(anonymous_6)
FN:73,(anonymous_7)
FN:79,(anonymous_8)
FN:84,(anonymous_9)
FN:87,(anonymous_10)
FN:107,(anonymous_11)
FN:117,(anonymous_12)
FN:128,(anonymous_13)
FN:138,(anonymous_14)
FN:147,(anonymous_15)
FNF:16
FNH:15
FNDA:1,(anonymous_0)
FNDA:1,(anonymous_1)
FNDA:6,(anonymous_2)
FNDA:6,(anonymous_3)
FNDA:10,(anonymous_4)
FNDA:22,(anonymous_5)
FNDA:9,(anonymous_6)
FNDA:10,(anonymous_7)
FNDA:2,(anonymous_8)
FNDA:4,(anonymous_9)
FNDA:0,(anonymous_10)
FNDA:1,(anonymous_11)
FNDA:13,(anonymous_12)
FNDA:9,(anonymous_13)
FNDA:6,(anonymous_14)
FNDA:12,(anonymous_15)
DA:6,1
DA:7,1
DA:8,1
DA:10,1
DA:13,1
DA:16,1
DA:26,1
DA:27,1
DA:28,1
DA:31,6
DA:32,3
DA:36,1
DA:44,6
DA:45,6
DA:55,10
DA:56,8
DA:57,22
DA:58,9
DA:59,13
DA:60,13
DA:71,9
DA:72,9
DA:73,9
DA:74,10
DA:75,10
DA:76,3
DA:77,3
DA:79,1
DA:80,2
DA:82,1
DA:84,2
DA:85,4
DA:87,2
DA:88,0
DA:90,2
DA:93,10
DA:94,1
DA:97,9
DA:108,1
DA:109,1
DA:110,1
DA:118,13
DA:119,13
DA:121,6
DA:128,6
DA:129,9
DA:139,6
DA:140,6
DA:143,6
DA:146,6
DA:147,6
DA:148,12
DA:149,3
DA:151,9
DA:154,6
LF:55
LH:54
BRDA:8,0,0,1
BRDA:8,0,1,0
BRDA:27,1,0,1
BRDA:27,1,1,0
BRDA:27,2,0,1
BRDA:27,2,1,1
BRDA:31,3,0,3
BRDA:31,3,1,3
BRDA:46,4,0,6
BRDA:46,4,1,5
BRDA:46,4,2,2
BRDA:55,5,0,8
BRDA:55,5,1,2
BRDA:55,6,0,10
BRDA:55,6,1,10
BRDA:57,7,0,9
BRDA:57,7,1,13
BRDA:59,8,0,13
BRDA:59,8,1,0
BRDA:75,9,0,3
BRDA:75,9,1,7
BRDA:77,10,0,1
BRDA:77,10,1,2
BRDA:93,11,0,1
BRDA:93,11,1,9
BRDA:119,12,0,6
BRDA:119,12,1,7
BRDA:148,13,0,3
BRDA:148,13,1,9
BRDA:148,14,0,12
BRDA:148,14,1,7
BRF:31
BRH:28
end_of_record
TN:
SF:src\dep.js
FN:4,(anonymous_0)
FN:9,(anonymous_1)
FN:13,(anonymous_2)
FNF:3
FNH:3
FNDA:3,(anonymous_0)
FNDA:18,(anonymous_1)
FNDA:3,(anonymous_2)
DA:6,3
DA:10,18
DA:14,3
DA:15,6
LF:4
LH:4
BRF:0
BRH:0
end_of_record
TN:
SF:src\index.js
FN:5,(anonymous_0)
FN:27,(anonymous_1)
FN:28,(anonymous_2)
FN:30,(anonymous_3)
FN:33,(anonymous_4)
FN:44,(anonymous_5)
FN:46,(anonymous_6)
FNF:7
FNH:7
FNDA:1,(anonymous_0)
FNDA:1,(anonymous_1)
FNDA:3,(anonymous_2)
FNDA:1,(anonymous_3)
FNDA:22,(anonymous_4)
FNDA:1,(anonymous_5)
FNDA:1,(anonymous_6)
DA:7,1
DA:10,1
DA:13,1
DA:14,1
DA:17,1
DA:20,1
DA:28,1
DA:29,3
DA:31,1
DA:34,22
DA:45,1
DA:46,1
DA:47,1
DA:53,1
LF:14
LH:14
BRDA:10,0,0,1
BRDA:10,0,1,0
BRDA:45,1,0,1
BRDA:45,1,1,0
BRDA:45,2,0,1
BRDA:45,2,1,1
BRF:6
BRH:4
end_of_record
TN:
SF:src\observer.js
FN:5,(anonymous_0)
FN:15,(anonymous_1)
FN:19,(anonymous_2)
FN:30,(anonymous_3)
FN:35,(anonymous_4)
FN:39,(anonymous_5)
FNF:6
FNH:6
FNDA:1,(anonymous_0)
FNDA:4,(anonymous_1)
FNDA:3,(anonymous_2)
FNDA:3,(anonymous_3)
FNDA:22,(anonymous_4)
FNDA:3,(anonymous_5)
DA:6,1
DA:8,1
DA:16,4
DA:17,3
DA:19,1
DA:20,3
DA:31,3
DA:32,3
DA:36,22
DA:37,22
DA:40,3
DA:41,3
DA:44,3
LF:13
LH:13
BRDA:16,0,0,3
BRDA:16,0,1,1
BRDA:16,1,0,4
BRDA:16,1,1,1
BRDA:36,2,0,22
BRDA:36,2,1,18
BRF:6
BRH:6
end_of_record
TN:
SF:src\watcher.js
FN:5,(anonymous_0)
FN:15,(anonymous_1)
FN:25,(anonymous_2)
FN:30,(anonymous_3)
FNF:4
FNH:4
FNDA:9,(anonymous_0)
FNDA:15,(anonymous_1)
FNDA:15,(anonymous_2)
FNDA:15,(anonymous_3)
DA:3,1
DA:6,9
DA:7,9
DA:8,9
DA:9,9
DA:10,9
DA:16,15
DA:17,15
DA:18,15
DA:19,15
DA:26,15
DA:27,15
DA:35,15
DA:36,15
LF:14
LH:14
BRDA:27,0,0,15
BRDA:27,0,1,15
BRF:2
BRH:2
end_of_record
